<?xml version="1.0" encoding="UTF-8"?>
<!-- Generated by org.testng.reporters.JUnitReportReporter -->
<testsuite skipped="0" hostname="Chomping" name="tests.DropdownsTest" tests="1" failures="0" timestamp="2020-02-13T22:48:50 UYT" time="31.230" errors="0">
  <testcase name="dobug" time="31.230" classname="tests.DropdownsTest"/>
  <system-out/>
</testsuite> <!-- tests.DropdownsTest -->
