<?xml version="1.0" encoding="UTF-8"?>
<!-- Generated by org.testng.reporters.JUnitReportReporter -->
<testsuite skipped="0" hostname="Chomping" name="tests.BusquedaTest" tests="2" failures="0" timestamp="2020-02-02T07:27:55 UYT" time="41.659" errors="0">
  <testcase name="busquedaExistente" time="25.318" classname="tests.BusquedaTest"/>
  <system-out/>
  <testcase name="busquedaNoExistente" time="16.341" classname="tests.BusquedaTest"/>
  <system-out/>
</testsuite> <!-- tests.BusquedaTest -->
