<?xml version="1.0" encoding="UTF-8"?>
<!-- Generated by org.testng.reporters.JUnitReportReporter -->
<testsuite skipped="0" hostname="Chomping" name="tests.AutenticacionTest" tests="1" failures="0" timestamp="2020-02-02T07:27:55 UYT" time="18.085" errors="0">
  <testcase name="AutenticationFailed" time="18.085" classname="tests.AutenticacionTest"/>
  <system-out/>
</testsuite> <!-- tests.AutenticacionTest -->
