<?xml version="1.0" encoding="UTF-8"?>
<!-- Generated by org.testng.reporters.JUnitReportReporter -->
<testsuite skipped="0" hostname="Chomping" name="tests.AutenticacionTest" tests="1" failures="0" timestamp="2020-02-08T23:38:46 UYT" time="110.469" errors="0">
  <testcase name="AutenticationFailed" time="110.469" classname="tests.AutenticacionTest"/>
  <system-out/>
</testsuite> <!-- tests.AutenticacionTest -->
