<?xml version="1.0" encoding="UTF-8"?>
<!-- Generated by org.testng.reporters.JUnitReportReporter -->
<testsuite skipped="0" hostname="Chomping" name="tests.SeccionesTest" tests="3" failures="0" timestamp="2020-02-02T07:27:55 UYT" time="75.765" errors="0">
  <testcase name="dress" time="28.638" classname="tests.SeccionesTest"/>
  <system-out/>
  <testcase name="yolo" time="19.664" classname="tests.SeccionesTest"/>
  <system-out/>
  <testcase name="women" time="27.463" classname="tests.SeccionesTest"/>
  <system-out/>
</testsuite> <!-- tests.SeccionesTest -->
