<?xml version="1.0" encoding="UTF-8"?>
<!-- Generated by org.testng.reporters.JUnitReportReporter -->
<testsuite skipped="0" hostname="Chomping" name="tests.SeccionesTest" tests="1" failures="0" timestamp="2020-02-02T02:33:45 UYT" time="32.710" errors="0">
  <testcase name="women" time="32.710" classname="tests.SeccionesTest"/>
  <system-out/>
</testsuite> <!-- tests.SeccionesTest -->
